<?xml version="1.0" encoding="UTF-8"?>
<!-- Generated by org.testng.reporters.JUnitReportReporter -->
<testsuite skipped="0" hostname="bogon" name="DemoXunit.LoginTest" tests="5" failures="0" timestamp="23 Mar 2019 10:30:35 GMT" time="0.010" errors="0">
  <testcase name="testLogin" time="0.000" classname="DemoXunit.LoginTest"/>
  <testcase name="testLogin" time="0.002" classname="DemoXunit.LoginTest"/>
  <testcase name="testLogin" time="0.000" classname="DemoXunit.LoginTest"/>
  <testcase name="testLogin" time="0.006" classname="DemoXunit.LoginTest"/>
  <testcase name="testLogin" time="0.002" classname="DemoXunit.LoginTest"/>
</testsuite> <!-- DemoXunit.LoginTest -->
