<?xml version="1.0" encoding="UTF-8"?>
<!-- Generated by org.testng.reporters.JUnitReportReporter -->
<testsuite skipped="0" hostname="liuzhedeMacBook-Pro.local" name="TestLogin.ShoppingsTest" tests="5" failures="0" timestamp="24 Mar 2019 03:12:12 GMT" time="0.007" errors="0">
  <testcase name="getPrice" time="0.000" classname="TestLogin.ShoppingsTest"/>
  <testcase name="getPrice" time="0.000" classname="TestLogin.ShoppingsTest"/>
  <testcase name="getPrice" time="0.006" classname="TestLogin.ShoppingsTest"/>
  <testcase name="getPrice" time="0.001" classname="TestLogin.ShoppingsTest"/>
  <testcase name="getPrice" time="0.000" classname="TestLogin.ShoppingsTest"/>
</testsuite> <!-- TestLogin.ShoppingsTest -->
