<?xml version="1.0" encoding="UTF-8"?>
<!-- Generated by org.testng.reporters.JUnitReportReporter -->
<testsuite skipped="0" hostname="liuzhedeMacBook-Pro.local" name="TestLogin.LoginTest" tests="1" failures="0" timestamp="24 Mar 2019 03:12:12 GMT" time="0.022" errors="0">
  <testcase name="testLogin" time="0.022" classname="TestLogin.LoginTest"/>
</testsuite> <!-- TestLogin.LoginTest -->
